line_size: 128
cache_bytes: 16384
cache_lines: 128
cache_ways: 4
cache_sets: 32

histogram:
54 2
57 1
55 3
56 2
52 5
53 4
47 34
50 14
48 23
51 11
46 52
49 20
43 55
13 19
14 23
18 64
16 38
20 68
17 58
19 52
21 71
9 17
11 18
7 22
0 832
99999999 2779
26 86
1 1447
2 578
3 160
27 107
4 37
10 15
8 15
5 15
6 21
25 93
24 87
23 81
22 70
28 111
12 15
29 101
31 130
30 102
32 139
34 123
39 83
15 36
33 135
37 124
35 122
38 105
36 144
41 56
40 73
44 54
42 65
45 58

CASE: 0 miss_compulsory: 2779 miss_capacity: 3042
CASE: 1 miss_compulsory: 2781 miss_capacity: 2954
CASE: 2 miss_compulsory: 2768 miss_capacity: 5770
CASE: 3 miss_compulsory: 2813 miss_capacity: 3477
modelled_accesses: 8875
modelled_misses(compulsory): 2768
modelled_misses(capacity): 2956
modelled_misses(associativity): 86
modelled_misses(latency): 11
modelled_misses(mshr): 0
modelled_misses(tot_associativity): 5735
modelled_misses(tot_latency): 8538
modelled_misses(tot_mshr): 6290
modelled_hits: 3054
modelled_miss_rate: 65.5887
