line_size: 128
cache_bytes: 16384
cache_lines: 128
cache_ways: 4
cache_sets: 32

histogram:
14 4
3 1
13 8
9 11
0 162
11 59
99999999 2147
1 64
12 21
2 12
8 12
6 20
10 24
7 15

CASE: 0 miss_compulsory: 2147 miss_capacity: 174
CASE: 1 miss_compulsory: 2147 miss_capacity: 174
CASE: 2 miss_compulsory: 2079 miss_capacity: 75
CASE: 3 miss_compulsory: 2194 miss_capacity: 366
modelled_accesses: 2560
modelled_misses(compulsory): 2079
modelled_misses(capacity): 174
modelled_misses(associativity): 0
modelled_misses(latency): 68
modelled_misses(mshr): 0
modelled_misses(tot_associativity): 2321
modelled_misses(tot_latency): 2154
modelled_misses(tot_mshr): 2560
modelled_hits: 239
modelled_miss_rate: 90.6641
