line_size: 128
cache_bytes: 16384
cache_lines: 128
cache_ways: 4
cache_sets: 32

histogram:
84 172 1
84 205 1
84 197 1
84 176 1
84 184 1
84 156 2
84 212 1
84 230 1
84 254 1
84 227 1
84 210 1
84 191 1
84 199 2
84 96 12
84 85 8
84 95 10
84 79 10
84 93 8
84 86 10
84 88 10
84 82 8
84 92 5
84 70 26
84 78 11
84 59 23
84 87 13
84 63 24
84 68 21
84 77 15
84 71 22
84 55 25
84 58 24
84 74 15
84 65 25
84 76 14
84 62 27
84 57 22
84 45 75
84 64 20
84 66 25
84 72 20
84 48 50
84 50 37
84 73 15
84 52 38
84 60 27
84 56 40
84 53 36
84 43 64
84 242 2
84 41 77
84 49 48
84 46 59
84 51 40
84 39 94
84 69 12
84 16 1307
84 215 1
84 20 881
84 15 1636
84 18 1115
84 13 2145
84 17 1283
84 11 2620
84 14 1821
84 213 2
84 61 23
84 10 3168
84 109 5
84 12 2353
84 211 2
84 9 3690
84 208 1
84 97 11
84 0 10344
84 47 45
84 99999999 8620
84 111 7
84 26 446
84 225 2
84 98 6
84 1 11655
84 200 3
84 2 11691
84 201 2
84 100 8
84 3 11218
84 101 8
84 4 10186
84 203 2
84 102 8
84 5 8759
84 6 7491
84 7 6194
84 54 27
84 8 4680
84 21 767
84 220 1
84 119 4
84 22 630
84 221 1
84 23 629
84 222 1
84 32 188
84 28 289
84 116 8
84 19 957
84 29 283
84 228 1
84 34 174
84 31 217
84 25 440
84 224 3
84 35 130
84 234 1
84 27 366
84 38 115
84 36 134
84 30 246
84 24 495
84 33 170
84 44 67
84 40 85
84 37 99
84 42 70
84 112 8
84 131 8
84 122 7
84 117 7
84 136 2
84 115 5
84 103 7
84 104 4
84 75 13
84 126 7
84 81 13
84 125 5
84 139 4
84 129 4
84 94 10
84 110 10
84 84 8
84 140 2
84 67 11
84 108 5
84 99 10
84 121 2
84 124 3
84 105 4
84 83 10
84 135 8
84 127 8
84 155 3
84 118 6
84 133 6
84 137 5
84 134 7
84 143 1
84 157 3
84 130 3
84 161 2
84 150 2
84 90 7
84 89 6
84 144 6
84 106 6
84 145 3
84 107 11
84 148 2
84 180 2
84 138 3
84 185 1
84 132 9
84 128 5
84 113 3
84 142 3
84 91 2
84 179 1
84 152 5
84 188 3
84 141 5
84 166 2
84 177 2
84 149 4
84 165 3
84 171 3
84 174 3
84 193 4
84 162 4
84 187 2
84 173 2
84 80 11
84 123 3
84 120 4
84 183 2
84 114 4
84 189 3
84 194 2
84 170 2
84 163 1
84 175 2
84 154 1
84 181 1
84 146 3
84 190 4
84 168 1
84 167 3
84 182 1
84 164 3
84 159 1
84 198 1
66 142 1
66 166 1
66 155 1
66 186 1
66 145 2
66 153 1
66 151 1
66 182 1
66 144 1
66 194 1
66 177 1
66 181 1
66 163 1
66 147 2
66 196 4
66 107 2
66 159 1
66 117 4
66 157 3
66 168 2
66 172 2
66 193 2
66 192 1
66 191 2
66 109 1
66 175 2
66 171 2
66 197 2
66 189 1
66 164 2
66 167 1
66 161 3
66 169 2
66 165 2
66 134 3
66 180 2
66 183 1
66 133 2
66 148 3
66 138 2
66 132 4
66 149 3
66 115 1
66 93 6
66 156 4
66 128 6
66 154 1
66 101 3
66 103 3
66 98 5
66 129 5
66 106 7
66 121 4
66 114 2
66 71 14
66 141 6
66 124 3
66 130 3
66 76 13
66 120 2
66 135 4
66 140 3
66 123 8
66 108 7
66 136 3
66 113 5
66 78 8
66 83 9
66 131 2
66 64 16
66 127 8
66 104 4
66 118 4
66 105 7
66 102 4
66 80 10
66 74 10
66 73 15
66 119 4
66 91 11
66 33 106
66 45 48
66 42 44
66 236 1
66 37 62
66 34 95
66 46 40
66 228 1
66 29 189
66 24 403
66 40 48
66 39 66
66 35 78
66 23 441
66 32 129
66 227 2
66 28 202
66 125 5
66 16 1067
66 30 147
66 226 1
66 27 238
66 31 143
66 19 776
66 116 6
66 216 2
66 17 983
66 9 1174
66 5 1089
66 6 1000
66 7 944
66 4 1422
66 50 37
66 3 2111
66 100 5
66 49 36
66 201 2
66 2 3007
66 99 8
66 25 319
66 200 1
66 1 4467
66 26 246
66 199 1
66 0 5046
66 97 9
66 207 1
66 8 989
66 209 1
66 10 1256
66 14 1269
66 99999999 3480
66 111 4
66 13 1400
66 110 3
66 12 1423
66 15 1180
66 112 9
66 210 1
66 11 1360
66 219 1
66 20 628
66 221 2
66 22 499
66 18 867
66 68 22
66 21 604
66 240 1
66 41 53
66 36 74
66 38 69
66 47 24
66 44 57
66 51 26
66 56 18
66 58 23
66 43 57
66 53 23
66 54 27
66 48 32
66 52 37
66 62 10
66 55 26
66 269 1
66 70 12
66 69 17
66 60 23
66 65 11
66 75 15
66 77 10
66 67 9
66 57 15
66 84 5
66 61 21
66 85 5
66 72 9
66 59 21
66 82 7
66 66 11
66 63 13
66 96 6
66 95 5
66 87 5
66 92 9
66 79 9
66 88 9
66 86 2
66 90 4
66 89 5
66 81 11
66 94 10
58 163 1
58 105 1
58 156 1
58 136 1
58 135 3
58 193 1
58 165 1
58 194 2
58 90 2
58 150 1
58 147 1
58 170 3
58 155 2
58 77 3
58 154 2
58 168 1
58 160 1
58 153 1
58 188 1
58 139 3
58 129 1
58 191 1
58 182 2
58 197 1
58 172 1
58 151 2
58 88 4
58 186 1
58 196 2
58 112 2
58 174 1
58 119 2
58 176 2
58 101 6
58 128 3
58 183 1
58 110 2
58 158 1
58 140 1
58 142 1
58 121 1
58 164 1
58 100 3
58 134 4
58 109 2
58 76 6
58 120 2
58 126 1
58 83 4
58 180 1
58 104 5
58 127 2
58 69 9
58 181 1
58 138 1
58 92 4
58 124 4
58 61 6
58 159 3
58 97 4
58 93 5
58 131 2
58 123 2
58 125 2
58 107 3
58 96 2
58 118 3
58 116 2
58 130 2
58 113 5
58 133 1
58 64 5
58 117 2
58 137 1
58 102 4
58 30 91
58 43 33
58 40 44
58 35 65
58 132 2
58 28 160
58 32 87
58 45 37
58 37 52
58 221 2
58 22 376
58 33 89
58 24 310
58 21 452
58 36 49
58 31 119
58 233 1
58 34 73
58 41 33
58 238 1
58 39 48
58 25 237
58 122 3
58 23 333
58 20 504
58 218 2
58 19 611
58 8 765
58 7 702
58 205 1
58 6 713
58 103 7
58 29 117
58 5 760
58 4 1126
58 27 184
58 202 1
58 3 1902
58 2 3388
58 99 6
58 48 26
58 1 5763
58 98 4
58 225 1
58 26 225
58 111 2
58 99999999 1820
58 80 9
58 0 7330
58 9 927
58 106 6
58 11 1157
58 108 1
58 209 1
58 10 1039
58 13 1164
58 216 1
58 17 809
58 114 2
58 65 17
58 18 677
58 115 2
58 14 1093
58 211 1
58 12 1237
58 15 1012
58 16 889
58 52 21
58 42 36
58 46 46
58 49 32
58 51 22
58 60 8
58 47 22
58 58 19
58 57 16
58 54 18
58 63 15
58 55 17
58 66 9
58 53 31
58 73 8
58 74 7
58 91 6
58 59 20
58 44 28
58 75 4
58 62 14
58 67 7
58 70 10
58 81 4
58 72 8
58 56 14
58 71 11
58 50 23
58 38 39
58 84 6
58 95 9
58 82 5
58 94 2
58 87 4
58 68 12
58 85 7
58 86 5
58 278 1
58 79 6
58 89 7
58 78 10
45 99999999 1

CASE: 0 miss_compulsory: 13921
CASE: 0 miss_capacity: 98885
modelled_hits: 90656
