line_size: 128
cache_bytes: 16384
cache_lines: 128
cache_ways: 4
cache_sets: 32

histogram:
433 1
437 1
435 2
434 1
436 1
431 3
432 1
439 1
428 7
419 12
430 9
425 4
424 10
429 9
427 5
422 15
420 10
421 16
414 13
415 11
423 13
426 7
409 17
418 23
412 14
417 16
413 21
416 15
408 15
407 15
402 17
403 18
194 367
197 392
193 365
196 330
191 337
188 353
189 322
183 399
179 406
192 407
186 372
187 401
181 372
178 371
185 398
184 368
174 429
182 380
176 419
160 414
180 420
175 402
173 394
170 435
169 382
177 401
172 415
171 421
165 427
167 435
157 464
164 483
162 449
168 406
149 454
163 429
161 465
153 463
152 469
158 435
155 460
166 432
147 455
159 440
132 545
154 516
156 454
145 506
140 478
151 449
138 551
148 429
143 519
144 516
146 496
142 474
139 508
133 554
150 447
141 476
120 582
124 583
137 465
136 473
131 541
119 578
126 559
130 574
134 536
121 621
129 570
125 595
135 564
123 609
115 599
127 562
118 560
116 608
110 654
114 613
128 559
122 569
104 712
117 607
100 687
98 733
107 624
106 639
108 637
112 681
113 677
103 669
109 632
101 641
97 710
105 676
102 660
96 685
93 737
94 707
39 1087
43 1059
46 1003
38 1079
37 1041
41 1025
40 1058
32 1119
30 1182
33 1142
36 1058
28 1122
34 1141
29 1094
35 1075
22 1225
23 1211
21 1167
20 1216
19 1218
31 1174
27 1109
8 1279
10 1309
6 1278
7 1243
3 1526
52 991
204 337
5 1262
2 1578
411 15
99 722
25 1179
1 1806
410 16
26 1214
111 673
99999999 13997
317 194
80 756
24 1247
0 2002
9 1261
14 1197
16 1175
13 1243
11 1284
15 1265
12 1272
18 1273
17 1175
4 1366
45 1062
42 1004
47 1037
44 1031
56 917
50 1016
48 1039
55 954
59 937
53 982
60 956
54 1028
49 1048
51 972
62 953
65 870
57 944
67 909
58 912
66 893
64 967
61 907
70 909
71 874
63 906
68 871
76 828
74 870
69 878
73 835
77 834
75 835
79 824
87 752
72 862
78 856
81 762
88 785
84 789
91 786
86 763
85 780
90 769
89 699
92 756
83 787
82 795
95 737
199 326
190 381
195 343
214 306
213 281
202 333
207 307
198 342
209 331
203 330
223 295
208 342
210 304
224 296
219 306
212 316
200 321
206 361
227 296
221 296
216 308
201 314
225 317
230 290
218 303
205 296
215 324
217 326
231 320
222 314
211 319
220 302
226 304
229 268
234 272
245 288
238 247
236 268
237 284
235 293
246 217
232 259
241 278
228 288
239 284
243 250
248 239
247 245
242 265
233 272
253 242
244 260
257 240
260 273
252 248
259 233
240 279
254 245
249 286
268 227
269 211
258 223
255 228
256 231
262 226
265 238
275 227
261 234
251 228
273 201
250 255
263 222
276 227
271 215
264 264
267 214
270 256
280 165
266 236
272 231
274 248
283 180
284 194
277 242
288 190
279 197
282 222
281 189
286 198
290 174
295 228
278 210
291 207
287 191
285 203
302 174
289 202
296 231
297 174
292 175
294 209
300 214
305 177
298 173
293 193
303 179
309 189
308 186
301 206
306 201
299 190
312 196
307 147
315 199
310 189
304 183
318 162
321 169
311 188
322 146
319 170
314 178
316 175
324 163
326 158
320 166
313 177
330 146
327 133
323 171
331 157
334 130
329 153
328 139
336 125
332 149
339 118
325 170
337 124
333 147
344 105
335 122
341 117
340 112
342 109
338 105
343 110
345 102
346 87
350 104
347 95
348 115
355 84
351 89
349 98
354 87
352 103
353 101
359 88
358 54
363 67
357 82
364 66
356 86
361 59
360 73
369 68
365 74
362 90
367 60
368 66
371 54
366 64
378 32
370 47
380 46
376 53
373 58
372 51
388 29
381 35
374 43
389 25
385 36
377 46
387 31
379 30
375 43
384 29
382 34
383 23
393 29
390 29
397 25
386 28
394 24
392 25
395 26
391 28
400 19
396 18
398 18
401 11
405 15
399 17
406 14
404 13

CASE: 0 miss_compulsory: 13997 miss_capacity: 179644
CASE: 1 miss_compulsory: 13985 miss_capacity: 181056
CASE: 2 miss_compulsory: 13929 miss_capacity: 183359
CASE: 3 miss_compulsory: 14233 miss_capacity: 178743
modelled_accesses: 201919
modelled_misses(compulsory): 13929
modelled_misses(capacity): 178979
modelled_misses(associativity): 0
modelled_misses(latency): 68
modelled_misses(mshr): 665
modelled_misses(tot_associativity): 195041
modelled_misses(tot_latency): 197288
modelled_misses(tot_mshr): 192976
modelled_hits: 8278
modelled_miss_rate: 95.9003
