line_size: 128
cache_bytes: 16384
cache_lines: 128
cache_ways: 4
cache_sets: 32

histogram:
171 1
209 1
204 2
269 1
275 1
253 1
228 2
222 1
197 2
198 4
191 2
225 1
233 1
201 4
195 2
231 2
214 1
226 3
219 2
224 1
240 1
230 1
223 2
243 1
237 1
232 1
238 2
212 1
227 2
216 1
177 3
178 2
153 2
213 2
211 3
151 3
83 19
94 18
91 28
89 19
82 27
86 21
75 35
65 53
93 21
84 31
87 26
76 38
78 21
81 31
59 53
72 39
70 31
64 54
77 21
66 43
60 48
69 46
61 60
73 30
62 54
63 43
68 37
58 65
79 28
54 74
55 81
50 116
53 91
49 103
47 117
52 93
74 27
44 153
71 56
42 157
57 65
38 208
56 68
51 89
48 114
21 1827
220 4
20 1977
67 52
19 2248
17 2878
16 3384
110 15
13 4543
15 3911
12 5037
14 4128
11 5272
106 20
9 5883
208 3
107 13
10 5485
0 22680
199 1
2 18201
80 28
99999999 13921
111 11
26 912
1 21576
200 2
3 15181
202 3
5 10999
4 12844
203 3
6 8934
205 4
105 16
8 6557
7 7485
23 1422
24 1234
18 2584
22 1661
221 2
25 1062
28 763
27 872
29 662
30 502
31 433
33 339
37 238
36 255
35 288
41 162
32 373
40 185
45 135
39 175
34 328
46 107
43 159
92 24
90 19
102 14
103 19
101 17
119 11
104 20
99 19
96 16
95 16
100 14
121 6
123 11
108 10
113 9
114 11
116 13
130 12
125 14
98 14
117 14
118 13
127 10
88 14
120 13
143 11
135 5
134 12
112 9
109 19
132 8
147 5
146 6
115 14
133 13
126 9
124 10
128 11
138 8
129 10
122 6
139 7
97 13
144 5
155 6
131 11
85 16
140 9
152 5
163 6
166 4
142 7
149 6
145 5
181 3
150 6
172 4
186 5
184 2
179 4
141 5
136 7
162 3
160 5
148 4
187 4
137 11
158 4
164 4
174 4
168 6
167 5
157 5
159 3
170 5
175 2
161 1
189 3
185 2
196 6
194 5
173 3
180 2
193 2
165 4
176 6
188 5
169 3
190 4
192 3
156 5
183 3
154 1

CASE: 0 miss_compulsory: 13921
CASE: 0 miss_capacity: 99059
modelled_hits: 90482
