line_size: 128
cache_bytes: 16384
cache_lines: 128
cache_ways: 4
cache_sets: 32

histogram:
269 1
263 1
259 1
330 2
100 3
331 2
199 2
200 3
202 1
349 1
201 2
204 3
203 1
205 3
206 1
351 10
347 3
345 1
211 3
350 3
341 1
348 10
339 1
343 1
340 2
342 1
344 1
333 2
336 1
328 1
106 1
301 2
109 1
111 2
113 1
102 2
117 1
272 3
286 26
275 1
276 4
288 13
282 4
281 4
289 23
293 10
302 5
285 16
292 26
291 18
297 3
294 7
255 4
56 83
58 49
257 1
53 94
252 5
73 7
65 50
71 17
270 1
95 5
57 65
256 5
68 37
82 9
75 6
274 3
78 5
277 4
92 6
260 2
61 43
66 43
54 101
253 11
55 110
254 5
266 3
67 37
72 8
271 3
59 54
60 45
76 8
62 48
64 50
70 20
83 10
69 26
74 9
273 4
84 11
283 9
77 7
79 5
278 5
86 11
81 8
280 5
89 6
85 10
284 12
87 5
90 7
93 8
91 9
290 20
94 11
96 5
295 20
22 385
221 11
19 513
218 7
18 531
217 14
17 723
216 7
16 669
215 11
15 564
214 3
14 577
213 8
12 443
13 573
212 9
11 602
210 3
10 602
209 5
9 539
208 6
97 7
296 7
0 6709
80 13
279 5
310 4
26 194
225 13
1 1202
4 660
5 783
3 697
2 660
7 760
6 694
8 677
207 5
20 459
219 13
23 387
222 7
21 377
220 8
24 246
223 10
27 191
226 11
25 219
224 11
29 206
228 11
28 226
227 8
31 217
230 5
30 204
229 11
32 172
231 6
34 129
233 4
33 155
232 5
35 121
234 9
37 111
236 6
36 113
235 5
39 94
238 9
38 105
237 7
41 103
240 5
40 89
239 5
43 74
242 5
42 91
241 11
44 90
243 9
251 9
52 84
247 9
48 79
248 5
49 88
246 13
47 80
287 19
88 4
249 1
50 77
245 11
46 78
244 9
45 74
250 1
51 96
298 9
99 5
303 5
104 1
309 9
312 12
99999999 16398
317 7
63 39
324 11
323 14
325 13
326 9
327 15
103 3
101 3
300 8
322 8
321 4
98 5
316 6
319 7
315 11
318 6
320 7
313 10
306 7
311 5
307 5
314 2
308 3
304 3
305 4
299 2

CASE: 0 miss_compulsory: 16398 miss_capacity: 16833
CASE: 1 miss_compulsory: 16400 miss_capacity: 16538
CASE: 2 miss_compulsory: 16387 miss_capacity: 17657
CASE: 3 miss_compulsory: 16398 miss_capacity: 16833
modelled_accesses: 43159
modelled_misses(compulsory): 16387
modelled_misses(capacity): 16540
modelled_misses(associativity): 293
modelled_misses(latency): 11
modelled_misses(mshr): 0
modelled_misses(tot_associativity): 32938
modelled_misses(tot_latency): 34044
modelled_misses(tot_mshr): 33231
modelled_hits: 9928
modelled_miss_rate: 76.9967
