line_size: 128
cache_bytes: 16384
cache_lines: 128
cache_ways: 4
cache_sets: 32

histogram:
438 1
435 1
433 4
434 4
436 3
440 1
432 3
430 1
427 6
431 12
423 12
429 12
428 8
411 15
425 13
422 20
417 18
421 15
418 17
420 19
424 11
426 15
414 23
419 19
416 22
415 9
413 15
409 14
404 19
408 19
410 19
412 23
195 420
187 434
196 439
194 433
191 446
188 471
190 464
192 409
180 472
185 444
193 436
186 439
176 447
184 424
178 494
182 466
168 534
175 431
183 435
181 422
173 454
171 457
174 439
177 434
169 493
179 447
165 514
160 482
166 462
167 472
172 475
170 529
164 484
139 541
151 502
153 526
162 475
161 501
163 485
155 522
150 535
145 568
156 530
152 494
159 487
154 539
143 549
158 473
146 555
157 516
147 529
128 559
131 571
142 520
144 500
149 531
138 568
141 592
134 560
137 557
129 564
148 541
125 659
124 596
127 598
133 560
135 588
136 541
126 641
130 556
120 623
123 620
140 530
114 637
132 572
121 623
119 627
122 629
110 617
112 679
117 672
118 642
109 643
103 641
105 712
113 669
108 670
116 642
106 661
98 657
100 650
104 718
115 597
102 639
107 703
97 685
94 706
91 785
101 682
99 688
43 915
22 1002
11 1128
29 1032
38 1002
39 1003
12 1196
15 1075
13 1134
23 1030
41 998
36 1083
42 1027
34 1143
40 984
33 972
37 1012
19 1026
28 1048
27 1037
5 1113
9 1284
32 1069
7 1224
10 1168
3 924
51 952
4 967
2 858
25 1038
48 922
1 706
26 1039
111 682
99999999 13929
317 198
80 751
24 1016
47 947
199 437
0 649
6 1121
16 1039
20 1030
35 1060
17 1007
31 1089
14 1140
18 1051
21 1057
30 1012
8 1232
44 970
45 934
53 872
46 965
49 963
52 920
56 905
57 894
59 862
63 923
64 859
69 805
54 842
71 792
61 849
55 895
77 788
60 874
62 872
66 843
50 911
58 881
70 828
67 838
74 761
68 828
65 880
75 787
78 772
81 749
79 738
73 758
82 813
86 746
76 786
84 710
85 759
72 780
87 811
93 767
95 674
89 761
90 698
92 718
96 745
83 775
88 682
207 373
189 405
197 383
214 344
198 424
202 403
200 390
209 388
204 367
208 382
201 381
203 383
212 373
218 358
211 398
210 378
213 355
223 388
224 358
217 358
215 394
205 399
227 325
221 338
222 367
206 373
219 363
228 333
220 334
226 361
234 340
233 325
216 334
225 325
230 349
229 354
231 324
235 343
236 322
239 305
232 332
241 329
237 330
248 292
249 317
238 309
245 323
246 316
247 293
243 323
252 305
244 304
240 337
242 306
250 294
255 300
251 296
268 283
263 278
253 280
254 275
259 247
261 305
258 285
257 271
269 252
266 295
260 255
256 273
273 254
270 266
275 236
274 232
279 249
264 290
265 288
271 277
262 291
276 265
282 233
277 237
278 254
267 273
280 229
281 241
283 252
285 235
287 231
288 234
291 242
272 249
286 231
284 243
290 254
295 235
297 215
292 225
296 227
293 237
289 223
294 204
303 208
306 216
299 201
302 202
307 217
300 216
304 218
314 199
298 211
315 224
318 187
309 202
305 210
308 194
310 197
312 213
313 211
301 218
324 186
311 207
320 228
319 199
321 190
322 213
323 197
326 177
316 204
331 178
328 181
330 166
329 173
334 177
327 178
335 174
333 201
325 171
338 144
342 135
344 133
332 144
340 142
343 160
341 131
347 122
348 129
349 109
339 115
345 119
350 114
346 137
337 142
336 166
353 96
351 105
357 114
354 106
356 108
362 91
359 99
360 96
352 115
358 106
364 94
365 83
361 111
355 112
369 65
363 92
370 69
368 71
366 67
367 88
374 44
379 52
371 73
373 66
372 56
375 51
377 54
376 62
381 49
378 55
380 59
390 40
388 47
386 38
384 47
382 47
383 48
389 37
394 27
387 37
396 27
385 33
393 33
397 23
391 42
392 29
398 30
395 30
399 15
400 27
406 17
401 27
403 24
402 22
407 23
405 16

CASE: 0 miss_compulsory: 13929
CASE: 0 miss_capacity: 183886
modelled_hits: 4104
