line_size: 128
cache_bytes: 16384
cache_lines: 128
cache_ways: 4
cache_sets: 32

histogram:
1585 2
1675 1
1640 1
1654 1
1896 1
1876 6
1982 1
1049 1
1339 1
1403 2
2198 1
724 11
692 21
821 4
598 32
588 38
593 37
615 40
576 40
1299 7
595 34
1301 5
590 30
527 52
442 67
1289 4
466 58
453 59
489 61
763 23
1570 2
1566 3
1579 4
1564 2
555 41
779 11
1511 5
474 65
820 6
789 11
802 14
631 22
634 29
450 57
371 79
2112 3
806 16
74 481
1514 2
691 26
77 352
1818 1
738 24
569 28
78 350
1819 1
549 22
566 33
539 24
548 24
73 529
1814 1
573 24
1306 2
483 77
731 18
283 106
676 23
725 14
513 65
2254 1
284 93
274 94
72 641
510 57
641 18
2382 1
1464 1
773 19
758 10
272 110
457 43
71 676
448 64
809 9
819 22
814 7
619 38
603 33
646 23
451 66
271 120
713 30
721 12
710 15
82 194
273 118
269 140
437 89
708 16
716 14
733 16
276 103
79 288
1820 1
270 143
816 18
801 11
1178 5
355 119
531 42
532 45
722 19
728 26
736 26
558 37
530 35
546 29
528 37
1283 7
567 28
1390 4
1386 8
1391 4
570 28
1393 7
545 33
550 50
382 101
551 32
391 81
446 68
592 44
1415 1
524 52
517 51
362 96
372 110
580 27
464 65
490 74
1313 4
693 10
577 33
468 32
467 54
757 18
754 15
775 14
807 14
1397 2
574 27
1296 7
473 56
1298 4
475 49
206 315
1947 1
280 113
2021 1
522 52
518 63
766 11
783 23
784 13
185 408
470 40
461 39
69 733
668 17
572 24
597 35
578 35
675 28
657 19
729 21
291 147
192 416
487 87
2228 1
183 360
740 17
745 19
735 27
737 10
742 21
480 67
287 113
609 33
189 439
152 136
1893 6
975 14
422 91
2163 1
625 29
640 26
187 445
195 427
194 421
477 65
1300 3
540 33
534 45
544 20
582 51
191 420
1022 8
199 374
1111 6
288 163
281 115
279 85
2020 1
599 45
605 37
2346 1
396 93
2137 2
266 161
1089 5
1843 1
102 498
197 402
583 28
493 80
694 22
671 13
686 23
1506 2
683 20
690 27
1109 6
286 116
292 166
2033 1
293 162
2034 1
1140 6
317 260
1135 4
312 295
1005 9
182 374
202 354
430 81
320 248
1122 13
299 183
285 116
309 262
705 26
1129 7
306 247
617 45
307 300
173 262
426 72
424 93
431 78
438 72
535 35
679 31
684 27
695 14
703 7
696 22
699 14
184 380
1136 8
313 246
1131 8
308 281
2049 1
435 80
427 108
2168 3
201 318
203 355
1944 3
600 46
193 437
205 310
1946 1
664 26
680 19
1009 7
186 445
200 349
1021 7
198 408
1121 10
298 202
1206 7
383 86
67 874
890 5
84 115
1825 1
907 12
315 242
81 241
904 8
1019 8
196 369
401 115
404 92
639 14
607 52
622 44
638 32
533 39
542 34
636 17
1361 2
538 26
536 53
529 37
2270 1
296 153
1123 7
300 205
303 210
304 233
295 164
2036 1
379 89
294 153
1125 2
302 213
423 105
1231 6
408 96
1229 9
406 98
409 86
1217 4
394 84
624 37
1191 3
368 111
440 86
611 38
606 58
596 34
813 22
439 66
415 84
433 77
434 98
400 81
500 49
633 15
1344 1
521 59
494 88
496 63
390 92
310 259
626 21
630 24
604 41
613 36
492 86
501 70
1134 11
311 243
413 80
416 86
447 51
484 79
744 19
290 157
403 111
407 92
405 87
2146 1
380 82
388 105
374 93
1201 5
378 92
1251 3
428 85
429 85
421 110
224 315
139 665
133 1698
1874 1
142 402
180 339
971 6
148 161
977 10
154 107
970 6
147 173
1888 1
994 8
171 227
1912 2
141 497
138 813
158 114
150 139
559 40
860 16
37 144
236 367
957 5
134 1485
1875 4
179 308
178 305
176 286
155 117
151 100
976 5
153 138
562 33
980 8
157 147
1898 1
960 2
137 944
132 1962
131 2136
33 167
1774 1
232 372
1973 1
34 194
1775 5
443 76
233 359
168 199
847 13
24 93
136 1152
1877 2
1781 1
40 157
135 1332
329 212
2070 2
130 2247
969 6
146 218
1887 2
967 10
144 277
979 8
156 136
149 142
1890 1
28 130
1769 3
166 203
575 39
169 194
1910 2
170 226
1911 1
174 285
172 284
177 307
161 149
982 12
159 135
1900 2
160 126
1901 3
987 6
164 160
998 10
175 308
181 395
162 192
163 163
1904 1
165 183
990 7
167 226
127 2882
1868 1
228 378
637 19
123 3105
125 3050
1866 1
129 2602
128 2668
1869 2
267 142
891 12
68 864
949 11
126 2966
947 12
124 3208
75 442
230 334
854 8
31 123
943 3
120 2992
23 103
432 80
853 8
30 143
1771 1
122 3236
215 214
237 428
861 10
2602 1
38 152
35 162
1776 1
2185 4
83 175
1824 6
1058 5
235 413
644 23
36 164
1777 2
445 66
1686 1
449 67
245 361
1986 1
46 198
1787 2
455 77
213 201
1954 1
14 790
1755 1
265 157
66 864
262 154
886 11
63 844
472 60
2213 1
64 946
15 541
1756 7
112 1846
885 7
62 895
1803 5
471 58
1067 4
244 355
45 220
1786 1
249 316
50 254
1791 2
1282 2
459 63
3 7306
1744 3
412 97
100 359
509 70
248 342
49 247
458 52
2 9760
1743 2
411 101
99 284
508 60
251 275
52 338
1793 2
5 4000
1746 4
414 84
511 59
1070 6
247 356
48 247
1789 1
1 11149
410 76
98 284
507 72
225 327
849 10
26 133
111 1662
1343 1
520 60
2261 1
561 40
1384 4
444 71
99999999 1683580
441 76
80 297
53 373
1794 3
462 48
926 8
103 571
1844 1
512 70
1653 3
7 164248
104 667
9 124893
1750 1
418 91
1752 5
11 1456
106 874
1847 1
515 72
8 698690
417 101
105 753
514 58
246 372
47 231
1788 3
456 61
0 12914
97 235
506 56
250 357
4 5016
822 6
101 400
1842 1
841 10
18 207
1759 2
115 2370
1856 1
1734 1
88 80
497 70
41 144
6 11802
1747 1
829 6
420 109
108 1139
1849 1
12 1361
1753 4
109 1357
836 8
13 1008
110 1478
519 61
833 8
10 1885
419 92
107 1006
516 59
22 83
1763 3
119 3006
1860 2
42 162
86 123
495 74
238 371
862 5
39 154
90 102
1831 1
499 71
242 406
43 181
1784 2
243 352
44 166
1785 1
908 16
85 155
259 225
883 13
60 778
1801 1
469 51
61 803
258 228
59 732
1800 2
58 628
57 613
1077 2
254 271
55 508
1796 1
253 308
1994 3
877 4
54 470
463 37
2204 1
1054 9
231 363
32 173
89 97
1830 1
498 69
2239 1
93 132
502 97
91 98
1832 2
910 7
87 93
95 174
504 71
96 194
505 74
2246 1
917 11
94 178
503 70
56 600
51 304
1792 4
874 13
465 39
264 155
1711 1
65 876
92 122
1833 1
113 1922
117 2696
1349 3
526 45
219 271
1960 3
628 25
20 136
1761 3
116 2539
1857 1
525 49
19 148
1760 4
226 305
635 20
27 122
436 84
118 2756
21 111
1762 1
16 322
839 15
114 2207
1855 1
523 53
216 233
17 214
1758 1
70 682
479 66
121 3155
1862 1
1050 2
227 323
354 121
338 175
229 296
1970 3
76 402
1817 1
485 91
277 84
25 110
363 120
373 94
782 17
366 94
367 108
256 242
376 108
2117 1
252 280
260 221
481 53
1062 7
239 363
1980 1
241 397
488 74
240 388
649 13
1057 7
234 396
353 135
365 125
360 104
2101 1
1183 5
342 134
2083 1
346 127
2087 1
1172 5
349 166
348 134
358 118
359 114
369 100
261 190
257 236
190 424
1931 3
263 151
255 254
1184 2
361 116
301 224
1124 9
715 21
1011 8
188 422
1929 2
389 88
2130 4
381 95
375 112
2116 1
364 101
357 122
966 8
143 313
552 32
2293 1
486 70
223 268
268 149
2009 1
275 110
2016 1
332 190
343 152
2084 3
752 12
1037 3
214 240
623 39
220 242
339 170
212 211
344 170
1164 5
341 161
750 26
1156 6
333 172
350 137
218 247
627 23
221 259
1962 3
328 224
377 107
370 113
351 147
217 251
222 243
1963 1
211 268
968 8
145 237
140 504
963 5
356 137
765 7
305 250
714 13
1168 4
345 151
491 85
2232 2
29 115
1770 1
334 163
2075 2
337 164
482 85
340 163
616 45
207 295
718 13
610 59
614 52
723 22
314 260
209 260
1950 1
1027 9
204 337
321 237
326 205
324 254
330 207
732 22
323 227
764 22
781 15
210 248
399 84
331 214
325 212
1159 4
336 168
335 225
1120 5
297 199
347 126
327 206
2068 2
322 272
2063 2
352 105
387 96
717 22
711 14
319 269
316 251
612 32
2353 1
601 47
392 96
386 80
278 99
1208 3
385 82
289 124
282 103
208 303
1949 1
318 250
727 15
709 16
720 19
704 17
398 101
395 121
402 108
393 113
384 90
762 30
1243 3
965 10
884 7
1075 5
1085 7
1117 8
1452 4
1705 2
681 11
1716 1
1704 2
672 25
1437 4
702 14
674 18
935 4
930 7
584 34
586 41
677 28
1728 1
1332 4
1155 6
972 8
589 34
478 58
832 6
1080 5
1048 5
1072 2
1266 5
933 13
951 8
940 4
934 2
454 51
452 70
563 22
579 36
587 24
2328 1
460 42
871 17
1084 10
1065 6
1066 3
581 36
618 23
645 22
748 6
995 10
869 5
1293 4
1209 5
1190 8
2931 1
1207 6
620 24
397 86
476 50
1273 3
798 9
730 15
621 25
867 7
759 14
734 21
1358 2
1013 3
1254 2
895 9
547 32
1137 9
1141 6
1024 5
1147 7
1128 8
541 38
537 34
670 17
667 16
1090 7
1093 8
1114 5
1098 11
425 87
554 50
560 28
838 7
840 17
844 10
682 17
687 16
688 26
553 26
1202 6
882 12
875 8
1001 8
632 17
608 48
857 6
660 12
665 17
767 10
771 10
760 13
756 15
776 12
1040 2
1030 8
1033 5
1051 12
796 6
811 13
1396 3
1377 2
797 9
810 10
1420 5
1375 4
946 4
669 18
1546 2
1662 2
755 12
678 27
1591 3
879 9
896 15
1590 3
1589 1
1318 10
1324 7
1308 5
1311 5
591 30
556 44
557 27
826 11
831 9
594 40
564 27
571 24
602 31
927 2
770 14
962 11
1470 2
996 10
1469 1
945 3
823 6
815 11
818 4
828 12
808 10
774 23
785 15
792 15
780 15
993 5
1502 4
1483 6
1477 1
805 17
1023 6
1000 14
830 7
654 8
656 21
1410 5
1394 2
1412 3
1409 5
700 19
565 41
866 7
1715 1
920 4
2605 1
864 10
1455 4
739 19
912 5
899 10
585 31
795 17
778 11
799 11
950 3
1175 2
1163 3
1336 5
1325 4
1355 1
1542 5
707 12
786 16
959 10
1144 1
1146 5
1118 4
777 20
787 22
1676 1
1672 1
698 15
746 23
984 8
743 19
985 9
803 11
812 9
992 5
989 7
648 19
1556 4
1533 8
1521 2
1554 3
925 5
918 3
1167 8
1173 2
1174 7
1177 5
1170 3
863 8
2604 1
1061 6
1042 6
1312 1
719 24
865 13
1725 3
701 8
647 14
741 11
1074 5
1079 4
1069 4
1078 4
1113 8
1100 6
1110 6
824 7
629 23
999 4
1008 7
1106 5
903 9
901 15
642 13
543 30
1356 1
790 14
769 16
1292 3
661 18
964 15
1107 4
1092 7
706 16
697 19
973 7
978 8
870 5
652 12
651 13
983 10
653 13
916 5
794 5
1116 5
2857 1
1133 3
1414 1
1416 4
1411 5
663 13
666 9
1200 8
1223 3
1205 5
1241 3
1197 6
1221 4
1239 3
753 12
1346 6
1309 3
1310 1
1353 1
568 30
749 25
1354 4
1342 6
1046 5
1073 12
1068 4
942 4
1718 1
1689 3
1713 1
1696 2
1501 1
1522 1
887 8
772 16
1540 2
1458 4
1434 2
1462 5
1438 2
1015 3
1179 4
1297 4
1006 13
1647 2
1145 6
1264 4
1285 2
1357 4
1194 6
1215 3
928 2
1374 1
932 7
1367 2
1378 2
1417 3
1660 2
974 4
986 7
991 8
1729 4
1351 3
659 27
643 15
1529 5
1517 3
1244 5
1322 5
655 18
919 4
1723 1
685 12
673 16
1701 2
1724 2
689 15
1706 2
1515 2
931 7
922 3
868 7
1035 6
658 9
878 10
1119 6
1220 2
1335 1
1088 3
1097 7
751 11
2492 1
1536 3
843 7
1368 2
1003 7
1004 2
1480 2
1472 3
1609 1
1138 8
1569 2
1142 4
1157 7
892 6
662 27
712 15
1176 3
1166 1
1180 4
1181 4
1162 5
1657 2
1639 3
929 5
1014 5
1456 6
1448 7
1418 7
1340 1
1341 4
1365 2
1352 7
825 7
1369 1
1267 9
1258 1
1278 1
1257 7
880 8
1063 7
1056 4
800 10
953 2
848 5
1428 3
1614 2
859 4
747 13
1034 2
788 17
905 6
852 7
804 11
1413 2
1429 6
913 4
791 21
1130 5
1158 4
1161 9
1016 6
872 7
1212 6
1401 10
1504 2
1516 3
1439 2
1443 5
1447 1
1440 5
954 11
944 9
835 8
1317 4
1330 4
902 15
911 9
948 4
793 19
1645 5
1607 5
726 19
1631 3
915 7
1047 2
1232 9
921 7
1347 1
1359 1
1363 4
1345 3
1095 7
1094 7
1086 4
1064 2
1083 5
1284 1
1287 3
827 2
897 13
1233 2
1226 1
2967 1
1127 3
981 4
1302 2
1316 10
1055 2
1081 7
1045 4
1076 5
768 10
1498 4
650 14
1151 7
1152 2
2893 1
900 10
937 5
881 7
855 16
1262 5
1608 1
1112 6
837 7
1171 3
888 14
1476 1
956 8
1370 5
876 3
1435 2
1648 5
1658 4
1196 5
941 8
1272 4
1261 4
1256 1
845 9
858 5
1665 1
1148 3
1314 4
1712 1
1619 1
1479 2
1198 9
1182 3
1150 8
1509 5
1052 7
1105 4
1320 2
761 9
1224 6
923 5
909 2
1338 2
1326 2
1091 6
1195 3
924 3
1307 1
1406 1
1291 1
856 7
1385 4
1400 2
1071 4
1087 6
906 6
1270 1
1269 2
1274 2
1329 8
851 9
1235 1
1275 2
1280 4
1392 3
1652 3
1230 1
1222 4
1238 3
1154 2
1043 5
914 8
955 5
1541 2
1333 4
1523 5
1242 3
1612 1
1568 5
1558 1
1544 1
1532 1
1433 1
1407 1
1726 1
1732 1
1430 8
1425 5
1446 4
1419 9
1210 1
961 7
958 6
1580 5
1709 2
1471 5
1466 4
1459 5
1618 6
1059 4
889 15
1402 3
1405 3
1165 2
988 9
1169 7
1126 4
938 4
1193 2
2934 1
1245 2
1253 3
1108 2
893 10
1588 5
952 3
1265 4
834 4
898 6
1187 6
1216 1
1132 1
846 4
817 8
1565 2
1002 4
1445 2
1484 1
1032 7
1017 4
1635 1
1366 1
1053 5
873 6
1334 5
1029 4
1663 2
1638 4
1666 1
1219 2
1213 2
1203 5
1481 1
1492 3
1101 3
1204 3
997 12
1321 3
1102 6
1597 1
1493 1
1388 4
1507 3
1240 1
1041 7
1535 4
1528 3
1539 3
1520 2
1039 4
1038 2
1279 5
1288 7
1277 5
1082 8
1643 4
1661 2
1575 5
1573 1
1574 1
1547 1
1149 11
1160 5
1153 3
1404 1
1583 2
1687 1
1699 3
1010 3
1304 4
1305 7
1295 4
1555 2
1719 1
1698 3
1737 1
1697 1
1337 4
1453 4
1450 3
1460 2
1465 4
1115 6
1427 1
1143 5
850 5
1018 4
1007 4
1526 2
1548 2
1557 1
1593 1
1596 3
1551 3
1691 3
1646 2
1669 1
894 7
1432 1
1026 6
1586 1
1684 1
2966 1
1225 4
1688 1
1685 1
1060 2
1519 2
1490 3
1525 1
1500 2
1513 2
1538 2
1315 1
1259 1
1673 2
936 6
1371 2
1031 2
1036 1
842 3
1372 1
1449 1
1096 3
1268 3
1271 7
1189 2
1530 4
1527 6
1534 1
1531 4
1328 1
1327 4
1290 7
1457 1
1424 1
1199 1
1486 3
1025 4
1560 1
1286 1
1408 1
1028 1
1473 1
1350 4
1319 2
1331 2
1188 6
1192 3
1247 3
1649 1
1644 1
1633 1
1628 1
1234 1
1615 1
1603 1
1487 2
1461 1
1441 1
1218 1
1421 2
1379 3
1387 2
1576 1
1495 2
939 4
1624 4
1044 2
1730 1
1227 4
1211 2
1246 3
1478 1
1626 2
1103 2
1012 2
1474 1
1294 4
1475 1
1383 2
1552 1
1537 1
1250 2
1252 3
1139 1
1255 1
1382 4
1395 3
1695 1
1423 3
1630 1
1681 1
1694 1
1611 1
1099 1
1634 1
1482 1
1735 1
1281 1

CASE: 0 miss_compulsory: 1683580
CASE: 0 miss_capacity: 1188764
modelled_hits: 46145
