line_size: 128
cache_bytes: 16384
cache_lines: 128
cache_ways: 4
cache_sets: 32

histogram:
1568 1
85 109
578 34
586 28
649 15
590 50
570 27
738 21
394 101
492 59
484 68
693 22
766 16
281 96
1567 1
1566 6
606 54
2347 2
1505 3
723 14
684 10
639 23
818 2
787 20
800 11
443 78
637 13
631 20
636 12
969 11
146 198
28 108
464 42
83 165
807 8
78 304
560 32
551 29
741 22
562 36
575 35
584 31
572 29
75 471
1816 1
571 27
547 34
80 281
1821 2
546 26
74 535
79 294
1820 1
284 113
681 27
1292 5
469 54
282 88
283 76
273 130
2014 1
67 879
641 16
1464 2
772 17
277 85
66 891
70 701
614 39
623 25
604 45
648 24
809 7
821 9
812 14
152 112
272 116
261 160
431 74
460 36
435 87
438 68
719 18
442 71
454 61
1359 2
270 109
715 24
728 18
707 19
731 25
527 30
597 42
269 128
264 177
81 258
267 167
816 16
813 22
801 21
453 67
2194 1
353 136
541 24
721 11
356 137
372 102
543 25
557 32
548 35
530 68
1284 2
533 29
550 42
555 36
523 53
1381 6
565 37
1388 3
553 46
2294 1
1386 8
563 28
391 93
2132 2
446 56
2187 4
1415 2
524 46
542 39
361 108
526 53
68 883
354 108
582 24
483 64
366 122
1508 3
685 31
697 17
471 51
208 238
491 82
505 76
459 51
470 43
758 17
1578 4
755 9
776 12
804 15
783 11
688 21
1298 7
475 63
278 99
510 56
477 57
466 52
752 10
2493 1
762 24
780 25
179 299
1920 5
781 15
782 34
69 749
499 56
671 21
406 96
1229 8
511 61
2252 1
185 396
598 33
1397 2
574 25
613 35
599 51
580 51
377 98
2118 1
736 24
644 23
645 11
2386 1
676 25
658 21
279 90
2020 1
739 26
199 369
730 20
734 20
740 24
1309 2
486 80
2227 1
495 91
1111 8
288 104
2029 1
1119 15
296 166
2037 1
609 46
622 46
605 60
192 385
190 455
1009 9
186 409
1301 5
171 237
1912 2
994 10
427 103
544 33
290 152
292 159
1114 9
2855 1
291 156
577 30
1021 5
198 393
1020 5
197 396
612 40
1108 3
285 95
287 129
677 17
690 10
680 21
1515 1
692 10
581 38
2322 1
382 76
1205 10
1024 6
201 341
293 183
1117 2
294 165
289 142
184 398
194 428
308 265
320 278
307 262
2048 1
428 106
2169 3
433 84
703 7
616 48
177 315
429 74
1249 3
426 93
534 52
532 50
507 59
425 82
434 78
670 20
672 24
691 23
699 15
695 16
698 11
317 249
188 395
315 274
393 108
430 70
1012 11
189 412
193 475
1934 1
594 32
187 487
200 362
661 11
675 18
191 460
1848 2
107 921
202 355
203 383
1944 3
205 283
1019 6
196 434
1135 5
312 282
401 98
403 108
310 256
642 19
535 40
531 36
540 30
537 32
529 46
400 91
1227 8
404 74
73 578
896 13
195 422
299 181
2040 1
1129 7
306 225
302 186
1120 14
297 209
1128 9
305 282
407 108
412 119
1243 4
420 101
628 26
338 161
370 115
304 251
607 48
596 36
811 13
417 89
439 70
440 71
437 101
1348 4
525 38
519 63
313 305
300 182
494 94
2235 1
309 273
493 56
603 45
1134 7
311 274
627 30
625 30
601 42
611 36
413 64
487 92
2228 1
751 12
295 166
402 96
405 85
481 80
390 80
408 92
389 86
2130 2
905 15
82 181
138 743
1879 1
857 10
34 198
233 377
1730 3
907 10
84 139
1825 1
139 627
965 11
142 340
1159 8
336 205
2077 2
137 882
1878 2
65 994
474 66
149 120
977 7
154 105
970 2
147 165
978 7
155 125
564 38
266 174
979 8
156 124
1897 2
985 11
162 135
980 14
157 125
1898 5
236 377
37 171
140 478
1881 6
170 227
1052 6
229 358
30 163
1771 5
182 352
180 358
995 6
172 271
1913 1
164 165
1905 1
974 10
151 115
33 164
232 372
956 5
133 1801
6 289
1747 1
415 78
2156 1
240 346
1981 1
864 5
2605 1
41 138
1782 3
135 1300
131 2271
1872 1
1156 2
333 192
957 6
134 1406
1875 2
129 2626
1870 1
237 438
646 19
861 16
2602 1
38 171
1779 1
447 60
973 9
150 124
1891 1
559 35
971 15
148 140
1889 3
352 126
153 136
1894 5
130 2353
984 5
161 169
175 261
168 206
169 207
174 293
160 149
158 137
1899 1
567 25
159 139
166 195
32 157
1773 1
441 66
173 239
178 367
1919 1
986 7
163 170
165 162
167 168
1908 1
576 35
125 3146
1866 1
57 576
228 361
17 74
216 213
128 2927
126 3106
262 168
886 5
63 915
1295 3
472 43
2213 1
252 321
53 311
1285 4
462 57
77 355
1818 6
230 331
31 173
1772 1
87 115
496 62
239 405
1686 2
40 176
1781 1
449 80
245 372
1986 1
46 204
1787 3
455 47
90 72
1831 1
242 387
43 216
452 71
250 320
51 289
1792 3
1650 1
4 1241
101 285
1046 11
223 265
632 15
24 82
1765 1
121 3488
251 258
875 9
52 320
1793 2
1651 1
5 657
1746 8
414 103
1748 7
7 110333
102 363
247 364
871 15
48 212
457 35
1 10335
1742 4
410 74
98 225
1839 1
1072 3
249 385
50 252
100 295
509 68
248 327
49 215
1281 4
458 52
411 81
99 260
1840 2
508 58
224 304
848 8
25 88
122 3429
253 316
1994 3
877 8
54 419
1795 1
463 47
2204 1
2 6814
1743 1
825 10
416 87
104 511
513 61
255 285
56 505
465 44
418 87
106 771
515 52
19 71
1760 6
116 2467
89 75
498 65
42 168
451 60
254 284
878 8
55 472
1796 5
8 745940
1749 4
3 3821
1744 1
826 6
105 670
514 73
94 128
503 62
246 356
47 221
1788 2
456 63
823 17
0 33149
409 104
97 196
506 89
58 729
11 1621
108 1101
1849 2
517 61
10 2539
419 93
516 58
835 7
12 1251
1753 1
421 115
109 1304
518 55
59 688
1800 1
92 108
1833 1
501 75
244 397
45 163
243 352
44 137
1785 6
13 633
1754 2
422 89
933 5
110 1452
1082 8
259 169
883 8
60 847
1708 1
885 6
62 882
1083 6
260 244
884 9
61 874
263 176
64 907
1805 2
473 49
96 167
916 4
93 105
502 95
914 7
91 70
500 84
86 102
1827 1
95 148
504 69
103 416
1844 1
512 79
235 402
1976 2
36 147
1777 2
445 68
114 2183
1764 2
23 79
941 10
118 2888
1384 5
726 17
111 1659
1852 1
1343 3
520 45
2261 1
213 221
837 7
14 327
9 138417
832 9
423 93
117 2765
1858 1
1042 4
219 239
20 67
1761 1
1061 5
238 344
39 178
1780 1
448 75
112 1733
521 59
214 210
1955 1
15 128
424 95
938 2
115 2373
18 91
1759 2
849 8
26 102
1767 7
21 78
844 14
946 6
123 3428
1864 1
71 705
480 59
113 1921
522 62
119 2991
1860 1
234 402
35 177
99999999 1683580
444 57
132 1872
1873 1
222 238
432 89
120 3200
1861 1
226 302
635 18
850 6
27 104
22 57
845 11
436 91
124 3205
88 85
1829 1
497 65
2238 1
271 121
72 615
1813 1
127 3050
1868 1
215 226
624 28
1048 4
225 355
231 365
1972 2
640 24
899 21
76 411
1308 4
485 100
852 8
29 129
1050 3
227 292
276 85
265 155
367 120
375 115
2116 1
369 92
778 20
241 410
1982 1
1187 5
364 113
362 96
257 229
1312 5
489 67
351 140
760 23
342 171
2083 1
348 156
757 6
349 141
2090 1
360 119
2101 1
371 91
2112 2
1079 7
256 210
181 368
488 97
2229 1
376 98
1181 6
358 116
301 189
1124 7
183 455
176 332
476 64
388 104
380 90
143 274
839 4
16 80
373 100
359 112
357 136
967 11
144 253
141 431
136 1063
959 15
268 121
2009 2
1081 8
258 206
275 118
1170 7
347 148
331 161
220 228
344 145
753 14
340 171
212 207
1953 1
1032 5
209 258
618 28
339 148
2080 1
334 194
1166 8
343 130
2084 1
341 148
2082 1
345 147
329 208
218 224
368 107
777 14
363 111
1186 8
365 106
374 105
968 6
145 216
1126 5
303 263
1201 6
378 86
379 80
2120 1
490 81
1302 4
479 48
482 89
335 153
221 255
217 201
1958 1
626 29
746 20
337 172
619 29
210 263
1951 2
720 24
617 38
615 34
206 353
204 361
314 264
207 283
729 17
328 237
2069 2
327 221
2068 2
330 200
324 220
2065 2
323 230
396 116
2137 2
211 244
1952 6
325 218
346 129
298 208
355 125
332 185
350 112
387 69
718 30
713 12
724 19
321 281
319 272
316 266
610 37
600 37
1208 3
385 102
274 114
286 102
280 97
384 122
326 217
318 237
727 15
322 217
711 24
722 16
717 20
395 106
1215 3
392 88
399 98
2140 1
398 105
386 72
383 97
381 93
748 18
1451 5
775 12
1709 2
687 17
1721 1
1707 1
1437 3
702 17
673 14
936 4
932 7
1729 1
583 22
585 60
1330 1
1155 6
989 19
725 6
588 34
587 37
709 14
828 5
830 7
1067 6
1065 3
1074 6
1045 4
1069 5
716 17
591 34
1267 5
951 10
940 2
934 8
589 22
467 44
872 9
860 6
1064 9
742 20
737 25
963 8
842 15
744 17
991 5
862 8
1297 9
1304 5
1087 11
450 51
1206 5
700 14
1276 4
798 9
1299 5
814 13
705 9
733 20
621 39
867 9
732 26
759 13
836 6
528 27
2269 1
620 46
1115 5
1132 4
1332 4
1358 3
397 102
1016 9
1259 3
539 27
536 33
602 40
1139 10
1142 4
1144 2
1127 7
784 17
664 17
538 33
1123 7
1090 14
1094 6
1118 4
1099 10
608 38
561 39
554 39
629 28
838 10
706 16
689 29
686 20
478 59
556 51
552 31
983 11
595 35
712 24
882 9
874 5
1002 5
1005 6
1004 4
633 26
651 13
655 7
668 22
771 9
770 19
769 15
767 13
1035 4
1029 9
1380 2
799 11
1420 2
1374 2
943 3
566 26
1543 3
1563 3
1660 2
669 14
667 28
682 20
749 32
756 16
678 13
1591 2
879 9
1590 2
1589 4
1320 7
1306 7
1288 4
568 29
569 29
579 28
735 16
992 9
592 37
891 9
927 1
982 5
964 6
1474 3
1466 1
808 17
815 12
803 11
774 18
761 16
789 20
1504 4
1486 3
1484 1
1478 3
990 7
805 17
829 2
802 16
657 19
679 22
701 13
654 15
1409 3
1393 3
1395 5
1411 6
710 22
708 19
714 14
868 8
634 29
788 8
461 60
1712 1
922 4
2600 1
859 7
912 4
897 4
468 42
573 32
827 11
952 5
1175 4
1336 5
1327 4
1357 1
1544 7
955 8
786 14
1679 1
1674 1
893 6
743 16
997 13
987 7
817 15
1556 3
915 12
1533 6
1521 7
1554 2
923 7
1171 5
1176 2
863 13
1057 13
1039 6
1149 2
869 7
1725 3
638 30
1071 6
1076 3
1066 2
1075 7
1086 4
1097 3
1085 4
1058 4
630 13
909 4
906 11
901 13
643 10
1350 5
683 23
794 12
795 12
1293 7
660 18
1104 7
793 13
790 6
870 7
652 12
981 6
656 18
659 26
913 9
796 11
1109 4
1110 5
949 5
930 3
1416 2
1514 2
1414 6
674 19
647 18
663 20
665 22
662 19
1199 8
1221 6
1241 4
1313 2
903 6
1352 9
1342 4
1049 4
1078 9
1054 9
1056 6
1716 1
1691 5
1718 1
1699 3
1530 8
1573 4
1461 7
1438 5
1018 4
1182 4
1007 7
1647 2
1122 6
1100 5
1145 4
1133 3
1266 6
1324 12
1353 3
865 10
1185 1
1194 7
694 15
1378 3
1372 2
1413 8
1421 3
1659 1
961 4
1317 7
888 13
1731 1
1356 2
1244 3
898 15
1323 2
822 6
1101 6
1711 1
1692 3
1710 1
1694 4
918 7
1525 2
593 28
831 12
1540 5
806 7
926 4
1034 2
650 19
858 7
880 12
765 16
1112 3
1219 4
1335 9
1088 1
1204 8
1197 5
1096 5
1534 4
1365 8
1121 3
996 9
1003 5
1482 5
1472 5
549 23
1612 2
1143 7
1158 6
887 6
895 9
1174 5
1165 3
1163 3
1164 6
1178 3
1179 3
1060 5
1162 7
1657 1
1640 1
929 3
545 23
866 6
1017 5
1454 2
1446 2
1449 2
908 15
1340 2
1341 2
1362 2
653 11
1260 4
1261 3
1250 3
1274 3
1254 2
1141 2
1173 4
1093 3
824 4
851 10
833 4
1429 2
1614 2
747 12
768 17
764 10
745 7
558 23
785 11
881 14
876 5
1006 6
855 12
853 9
792 16
820 4
1168 2
1033 3
1422 2
1427 2
1425 5
1432 5
1022 5
1140 6
1131 13
1157 5
958 7
966 7
1148 8
810 8
1030 2
1027 5
840 13
1403 9
1502 1
1513 3
910 8
1443 7
1448 6
1439 3
954 8
944 4
1318 6
1325 4
704 20
976 5
962 6
1137 7
1125 9
1138 3
950 4
754 8
763 14
1645 3
1607 2
1628 2
1230 2
920 10
921 6
1351 5
666 11
1095 5
1202 2
945 3
1286 1
1287 4
894 3
1234 3
1220 4
1258 1
1008 5
1300 1
1314 3
1062 2
1655 7
1053 5
900 11
1495 2
791 18
779 6
1224 4
1150 10
847 10
1253 5
1247 2
1245 1
1113 4
1167 1
1469 1
873 5
917 7
1370 2
1151 10
1452 5
1161 4
1663 5
1196 5
1271 5
999 5
1263 2
1015 4
1517 2
1401 3
1661 3
1154 3
2895 1
1311 5
1713 1
1621 7
1231 4
2972 1
1198 5
1503 1
1490 4
1038 5
1055 4
696 13
834 6
904 3
890 18
1345 2
1200 9
1331 2
1091 5
924 4
1310 4
1305 1
1406 3
1291 8
1383 1
1402 4
1073 4
1728 2
1269 2
1256 2
960 4
1328 5
1322 1
1232 4
1273 6
1272 4
750 9
1392 2
1652 1
1242 4
1235 2
1228 7
2969 1
1041 8
1289 1
1146 2
1523 1
1531 2
1509 1
1536 3
1433 3
1407 2
1724 1
1727 2
1430 5
1419 4
1424 5
1447 2
1418 2
1047 4
931 9
939 9
935 5
1584 3
1717 2
1458 8
1471 2
1465 3
1346 4
1619 3
1084 2
1192 3
2933 2
1376 3
1398 1
1031 1
925 7
1059 5
1077 9
1265 2
1257 3
1000 7
947 6
953 8
902 9
1588 5
993 9
1264 1
1147 2
1283 6
1190 3
1211 4
1237 2
843 8
846 5
1558 2
1028 7
1010 4
1001 6
1444 1
1483 2
1319 1
1037 4
1608 4
1369 1
1262 4
1333 4
1051 3
972 8
1011 6
1667 3
1642 1
1213 2
1203 5
1481 1
1493 1
1217 2
1222 5
1207 4
1404 2
1316 2
889 9
892 6
797 8
1598 1
1498 1
1489 3
1700 1
1390 1
854 3
1063 1
1528 1
1529 3
841 8
1524 3
1564 1
1522 1
998 7
1040 4
1080 7
1026 6
1643 3
1639 3
1662 1
1547 1
1565 1
1551 5
1160 4
1153 6
1510 1
1408 1
1583 3
1193 4
1440 1
1473 1
1687 1
1511 2
1576 4
1552 1
1703 1
1337 2
1706 2
1701 1
1702 1
1339 2
1453 4
1456 2
1329 2
1068 1
1183 1
1344 2
1070 3
1303 1
1014 3
1410 1
1527 6
1152 4
856 5
1321 5
928 2
1105 3
1562 1
1646 1
1668 1
1315 1
1412 3
1434 1
1459 2
1463 2
1349 5
1586 2
1214 5
1423 1
1130 4
1089 5
1455 1
1518 1
1488 3
1497 3
1098 8
1520 1
1507 3
1538 2
1106 4
1673 2
1649 2
1570 1
942 8
948 10
1371 1
1417 5
1169 4
1092 2
1277 1
1377 1
1450 2
1468 2
1103 4
773 7
937 2
1189 2
1532 4
1535 3
1307 2
1136 4
1557 1
1275 7
1499 1
1023 8
1347 2
1188 6
1177 3
988 8
1549 1
1251 2
1255 1
1368 4
1636 1
1637 2
1653 1
1630 3
1605 1
1596 1
1239 2
919 1
1442 3
911 2
1226 1
1387 5
1379 6
1581 1
1223 1
1516 1
1279 2
1635 3
1611 2
1180 2
1172 5
1726 1
1246 1
1399 1
1389 2
1613 1
1462 2
1526 1
1634 2
1102 2
1212 1
1191 1
1195 1
1457 1
1477 1
1491 2
1512 3
1592 1
1569 1
1572 1
1296 3
1492 1
1334 1
1209 1
1391 3
1428 2
1460 1
1431 1
1539 4
1252 3
1294 1
1394 3
1382 2
1542 1
1690 1
1624 2
1638 1
1697 1
1685 1
1696 1
1025 2
1626 1
1107 1
975 1
1184 4
819 1
1735 1
1248 3
1282 2
1044 1
1225 2
1669 1

CASE: 0 miss_compulsory: 1683580
CASE: 0 miss_capacity: 1179549
modelled_hits: 55360
