line_size: 128
cache_bytes: 16384
cache_lines: 128
cache_ways: 4
cache_sets: 32

histogram:
53 5 11
53 4 55
53 2 358
53 3 143
53 1 671
53 0 445
53 99999999 1782
52 6 1
52 9 1
52 10 3
52 11 19
52 16 1
52 17 1
52 5 12
52 0 416
52 2 395
52 13 25
52 99999999 1683
52 1 657
52 12 19
52 3 168
52 14 23
52 4 34
52 15 7
51 12 18
51 11 7
51 6 1
51 16 6
51 0 215
51 99999999 1683
51 1 290
51 2 215
51 13 18
51 3 76
51 14 37
51 15 13
51 4 29
51 5 7
50 6 1
50 11 6
50 16 1
50 5 7
50 0 408
50 3 186
50 14 9
50 2 418
50 13 15
50 99999999 1733
50 1 612
50 12 12
50 4 51
50 15 6

CASE: 0 miss_compulsory: 6881
CASE: 0 miss_capacity: 287
modelled_hits: 5842
