line_size: 128
cache_bytes: 16384
cache_lines: 128
cache_ways: 4
cache_sets: 32

histogram:
247 6 366
247 5 3001
247 4 14559
247 1 17019
247 99999999 54
247 0 17143
247 2 19285
247 3 19792
232 6 326
232 5 3037
232 4 14959
232 1 17640
232 99999999 8
232 0 17871
232 2 20107
232 3 20328
194 6 266
194 5 2456
194 4 13751
194 1 18161
194 99999999 12
194 0 18046
194 2 20601
194 3 19319
178 6 285
178 5 2397
178 99999999 52
178 0 17733
178 4 13523
178 1 17746
178 3 19284
178 2 19960
160 7 3
160 6 327
160 5 2503
160 3 18733
160 4 13283
160 2 19059
160 1 17128
160 0 17117
160 99999999 1995
213 6 303
213 5 2745
213 4 14466
213 1 17714
213 99999999 64
213 0 17962
213 2 20314
213 3 19876
48 99999999 428

CASE: 0 miss_compulsory: 2613
CASE: 0 miss_capacity: 18015
modelled_hits: 532479
