line_size: 128
cache_bytes: 16384
cache_lines: 128
cache_ways: 4
cache_sets: 32

histogram:
102 7 1
102 5 1
102 0 167
102 2 117
102 99999999 1035
102 1 188
102 4 3
102 3 34
102 16 13
102 17 17
102 8 13
102 9 1
101 13 1
101 8 2
101 7 8
101 16 8
101 0 345
101 99999999 1050
101 1 352
101 3 84
101 14 3
101 2 224
101 4 14
101 15 5
101 5 1
101 17 3
100 5 1
100 9 2
100 0 343
100 99999999 1020
100 1 371
100 2 202
100 4 17
100 15 6
100 3 86
100 16 19
100 17 15
100 8 18
99 8 3
99 7 17
99 16 18
99 0 343
99 99999999 1020
99 1 376
99 4 16
99 15 11
99 2 219
99 3 62
99 14 4
99 5 4
99 17 7
247 1 7
247 0 17
247 99999999 27

CASE: 0 miss_compulsory: 4152
CASE: 0 miss_capacity: 202
modelled_hits: 3587
