line_size: 128
cache_bytes: 16384
cache_lines: 128
cache_ways: 4
cache_sets: 32

histogram:
243 6 6
243 3 119
243 1 390
243 5 33
243 99999999 231
243 0 474
243 4 17
243 2 190
240 6 3
240 5 7
240 4 17
240 3 34
240 2 96
240 99999999 231
240 0 801
240 1 271
246 1 327
246 5 13
246 6 5
246 99999999 230
246 0 656
246 2 136
246 4 19
246 3 74
213 5 7
213 4 17
213 2 127
213 6 1
213 1 143
213 3 105
213 0 296
213 99999999 287
208 5 1
208 4 4
208 3 9
208 2 45
208 1 135
208 0 501
208 99999999 288
206 4 4
206 3 24
206 2 104
206 1 194
206 0 370
206 99999999 287

CASE: 0 miss_compulsory: 1554
CASE: 0 miss_capacity: 76
modelled_hits: 5699
