line_size: 128
cache_bytes: 16384
cache_lines: 128
cache_ways: 4
cache_sets: 32

histogram:
184 1
212 1
269 1
278 1
230 1
254 1
219 1
210 2
207 1
226 1
218 2
198 1
202 1
222 1
228 2
242 2
234 1
224 3
236 1
240 1
147 3
233 1
238 1
216 3
227 3
190 4
213 2
146 3
220 1
211 3
168 4
163 3
160 1
170 5
205 2
79 25
93 19
86 18
95 24
96 20
88 23
92 18
81 28
82 20
78 29
85 19
87 22
71 46
84 19
59 64
91 19
67 26
77 28
75 32
74 33
76 33
70 48
63 51
64 40
66 46
55 67
62 52
57 54
72 38
73 37
58 66
60 58
56 70
52 97
53 90
43 155
49 115
48 107
51 85
69 38
68 55
50 102
65 54
42 151
54 74
47 91
46 144
119 10
22 1517
221 5
20 2031
18 2660
15 3820
17 3079
13 4709
111 13
99999999 13921
14 4182
61 50
11 5144
12 5002
10 5455
209 2
9 5805
208 1
0 22727
199 3
26 908
225 3
1 21873
200 4
25 992
2 18019
201 4
100 16
3 15226
4 12765
203 2
5 10633
6 9222
7 7831
8 6441
16 3262
215 1
21 1820
19 2334
23 1369
29 595
27 796
31 477
30 482
32 412
28 651
34 348
35 263
39 209
38 227
41 163
40 174
36 256
24 1227
33 362
44 153
37 216
45 161
106 19
112 19
101 17
98 15
114 8
94 22
97 24
108 13
99 24
110 15
116 16
90 13
102 16
89 18
125 12
109 8
80 30
105 12
131 12
122 10
117 13
118 13
104 13
127 18
136 6
115 8
103 17
126 8
132 15
83 23
139 7
129 10
113 13
137 6
140 6
121 7
123 13
124 10
133 9
135 15
120 8
130 8
141 11
107 16
155 6
134 14
159 5
154 4
143 1
128 14
157 6
156 7
161 5
150 3
138 6
149 7
144 7
181 3
148 5
145 5
180 5
183 4
185 1
142 5
179 1
164 6
165 6
152 5
188 4
166 3
169 2
177 3
158 1
167 4
171 5
174 4
189 4
193 7
162 4
176 3
197 4
187 2
173 2
175 4
196 6
186 2
151 3
172 4
182 4
191 4
192 1
194 5
153 2

CASE: 0 miss_compulsory: 13921
CASE: 0 miss_capacity: 98931
modelled_hits: 90610
