line_size: 128
cache_bytes: 16384
cache_lines: 128
cache_ways: 4
cache_sets: 32

histogram:
441 1
444 1
443 2
438 3
433 4
437 2
435 4
440 1
436 3
431 6
432 4
434 5
430 10
425 7
422 8
429 7
428 12
427 13
426 9
424 24
421 11
419 14
423 12
414 16
413 7
418 22
417 26
416 16
420 19
409 21
415 19
408 21
411 19
402 28
403 16
407 14
187 437
194 420
183 479
196 403
197 446
190 432
188 433
193 412
182 437
180 457
179 425
185 432
195 417
181 440
189 446
166 504
174 482
175 475
186 412
170 472
184 394
161 485
171 451
176 462
169 479
177 451
178 456
160 505
172 456
167 478
173 440
168 474
162 523
165 451
156 508
163 450
153 499
144 552
164 492
158 486
151 536
154 537
159 483
157 524
155 550
147 546
146 516
150 525
139 520
149 542
143 566
148 534
136 569
127 593
132 569
152 517
141 540
138 539
140 561
145 509
137 571
135 574
125 610
123 615
130 602
129 592
142 542
124 602
134 533
131 584
133 605
128 607
126 591
119 635
115 644
120 635
114 621
117 664
121 635
102 681
122 637
116 568
118 652
112 648
110 650
107 626
103 654
101 648
113 662
105 644
97 707
106 701
108 635
96 692
98 695
109 678
100 683
95 747
91 698
99 701
16 1051
8 1229
42 964
39 982
33 1026
25 1049
24 1046
37 1099
27 1098
45 929
13 1093
40 991
18 980
11 1214
43 959
38 1012
46 932
44 988
35 1026
34 1058
6 1137
32 1051
14 1126
5 1041
28 1044
4 1048
49 953
2 853
12 1134
48 913
200 401
1 800
410 19
22 1059
0 637
23 1076
21 1041
15 1092
111 651
99999999 13929
317 215
80 759
26 1038
50 902
3 897
412 23
30 1034
29 1011
36 1115
19 999
20 1082
31 1113
47 944
41 944
9 1261
51 906
10 1226
17 1010
7 1155
104 662
62 883
59 878
54 922
61 836
52 936
65 855
53 863
60 883
58 896
57 898
55 907
56 867
64 827
68 841
71 821
66 866
67 827
75 782
69 847
73 777
63 834
87 742
74 738
85 726
70 773
72 811
81 739
82 787
79 768
83 727
78 828
76 772
94 727
86 773
89 789
90 765
77 815
88 763
93 689
84 773
92 737
198 413
192 455
204 407
191 421
203 383
207 406
206 402
199 390
201 401
202 396
210 429
208 416
205 397
215 335
213 336
217 328
212 362
216 354
221 328
211 386
219 349
218 366
226 388
214 365
209 350
224 355
222 353
223 339
227 372
229 332
228 312
231 329
225 354
220 377
238 353
232 293
237 310
230 328
236 299
234 312
241 316
246 305
239 308
233 342
247 303
242 337
245 318
244 309
235 319
254 283
240 316
252 288
249 320
260 302
248 301
243 274
251 324
261 326
253 289
259 273
269 258
255 307
250 310
277 264
263 285
258 307
264 280
270 264
257 293
278 270
256 280
265 264
262 299
271 235
274 257
275 240
273 264
266 267
272 249
280 252
283 261
279 252
267 226
281 248
268 247
284 235
287 237
276 231
286 238
282 241
291 230
290 220
288 248
293 224
289 204
302 231
301 241
295 199
292 217
298 201
299 231
296 217
297 248
285 235
303 194
305 227
294 202
300 224
308 211
306 203
304 209
307 213
312 205
311 209
314 198
315 206
310 189
309 191
319 194
316 208
326 193
328 180
320 170
313 219
322 193
324 196
318 212
321 190
331 164
325 180
329 175
330 162
323 186
327 189
340 148
336 150
332 180
333 172
337 146
339 133
335 162
334 195
341 157
338 158
347 138
343 134
346 134
349 96
348 130
342 129
345 121
344 141
358 91
354 114
355 99
350 107
352 125
359 97
351 102
357 95
356 103
366 76
362 95
367 74
363 96
369 77
365 63
364 101
353 130
371 67
360 98
381 42
372 72
374 56
373 79
361 64
368 79
370 82
377 46
375 60
380 60
385 29
383 54
391 29
379 50
386 43
378 60
390 21
376 48
389 40
392 29
382 53
396 26
384 45
388 39
393 36
395 29
387 35
400 20
394 31
404 22
405 23
397 24
398 31
399 29
401 22
406 24

CASE: 0 miss_compulsory: 13929
CASE: 0 miss_capacity: 183755
modelled_hits: 4235
