line_size: 128
cache_bytes: 16384
cache_lines: 128
cache_ways: 4
cache_sets: 32

histogram:
589 0 510
589 99999999 496
589 1 2
549 0 510
549 99999999 496
549 1 2
68 0 510
68 99999999 496
68 1 2
108 0 510
108 99999999 496
108 1 2
10 99999999 512
148 0 510
148 99999999 496
148 1 2
188 0 510
188 99999999 496
188 1 2
429 0 510
429 99999999 496
429 1 2
268 0 510
268 99999999 496
268 1 2
228 0 510
228 99999999 496
228 1 2
389 0 510
389 99999999 496
389 1 2
469 0 510
469 99999999 496
469 1 2
308 0 510
308 99999999 496
308 1 2
509 0 510
509 99999999 496
509 1 2
348 99999999 512

CASE: 0 miss_compulsory: 7472
CASE: 0 miss_capacity: 0
modelled_hits: 6656
